{"numTotalTestSuites":153,"numPassedTestSuites":148,"numFailedTestSuites":5,"numPendingTestSuites":0,"numTotalTests":238,"numPassedTests":234,"numFailedTests":4,"numPendingTests":0,"numTodoTests":0,"snapshot":{"added":0,"failure":false,"filesAdded":0,"filesRemoved":0,"filesRemovedList":[],"filesUnmatched":0,"filesUpdated":0,"matched":0,"total":0,"unchecked":0,"uncheckedKeysByFile":[],"unmatched":0,"updated":0,"didUpdate":false},"startTime":1779630709352,"success":false,"testResults":[{"assertionResults":[{"ancestorTitles":["EventBus propagation — integration","fan-out"],"fullName":"EventBus propagation — integration fan-out event reaches all registered listeners","status":"passed","title":"event reaches all registered listeners","duration":6.554542000000083,"failureMessages":[],"meta":{},"tags":[]},{"ancestorTitles":["EventBus propagation — integration","fan-out"],"fullName":"EventBus propagation — integration fan-out once() fires exactly once","status":"passed","title":"once() fires exactly once","duration":0.9378719999999703,"failureMessages":[],"meta":{},"tags":[]},{"ancestorTitles":["EventBus propagation — integration","fan-out"],"fullName":"EventBus propagation — integration fan-out off() unregisters listener","status":"passed","title":"off() unregisters listener","duration":0.6356990000000451,"failureMessages":[],"meta":{},"tags":[]},{"ancestorTitles":["EventBus propagation — integration","correlation ID propagation"],"fullName":"EventBus propagation — integration correlation ID propagation correlation IDs on events are unique per emission","status":"passed","title":"correlation IDs on events are unique per emission","duration":0.8071790000000192,"failureMessages":[],"meta":{},"tags":[]},{"ancestorTitles":["EventBus propagation — integration","event ordering"],"fullName":"EventBus propagation — integration event ordering synchronous emissions arrive in emission order","status":"passed","title":"synchronous emissions arrive in emission order","duration":0.5894379999999728,"failureMessages":[],"meta":{},"tags":[]},{"ancestorTitles":["EventBus propagation — integration","subscribe / unsubscribe"],"fullName":"EventBus propagation — integration subscribe / unsubscribe subscribe returns unsubscribe fn that removes listener","status":"passed","title":"subscribe returns unsubscribe fn that removes listener","duration":0.3662339999999631,"failureMessages":[],"meta":{},"tags":[]},{"ancestorTitles":["EventBus propagation — integration","cross-run event isolation"],"fullName":"EventBus propagation — integration cross-run event isolation listeners for runA do not receive runB events","status":"passed","title":"listeners for runA do not receive runB events","duration":1.8913089999999784,"failureMessages":[],"meta":{},"tags":[]},{"ancestorTitles":["EventBus propagation — integration","required telemetry event types"],"fullName":"EventBus propagation — integration required telemetry event types all required telemetry event types pass through the bus","status":"passed","title":"all required telemetry event types pass through the bus","duration":3.026935999999978,"failureMessages":[],"meta":{},"tags":[]}],"startTime":1779630717996,"endTime":1779630718011.0269,"status":"passed","message":"","name":"/home/runner/workspace/test/integration/event-bus-propagation.test.ts"},{"assertionResults":[],"startTime":1779630709352,"endTime":1779630709352,"status":"failed","message":"Cannot find package 'supertest' imported from /home/runner/workspace/test/integration/publishing-routes.test.ts","name":"/home/runner/workspace/test/integration/publishing-routes.test.ts"},{"assertionResults":[{"ancestorTitles":["Run lifecycle integration"],"fullName":"Run lifecycle integration full lifecycle: create → orchestrate → memory → telemetry → complete → teardown","status":"passed","title":"full lifecycle: create → orchestrate → memory → telemetry → complete → teardown","duration":8.720037000000048,"failureMessages":[],"meta":{},"tags":[]},{"ancestorTitles":["Run lifecycle integration"],"fullName":"Run lifecycle integration failure lifecycle: create → execute → crash → recover → fail","status":"passed","title":"failure lifecycle: create → execute → crash → recover → fail","duration":1.558183999999983,"failureMessages":[],"meta":{},"tags":[]},{"ancestorTitles":["Run lifecycle integration"],"fullName":"Run lifecycle integration memory persists through orchestration phases","status":"passed","title":"memory persists through orchestration phases","duration":3.9358369999999923,"failureMessages":[],"meta":{},"tags":[]},{"ancestorTitles":["Run lifecycle integration"],"fullName":"Run lifecycle integration two concurrent runs maintain isolation throughout lifecycle","status":"passed","title":"two concurrent runs maintain isolation throughout lifecycle","duration":2.0873980000000074,"failureMessages":[],"meta":{},"tags":[]}],"startTime":1779630718921,"endTime":1779630718938.0874,"status":"passed","message":"","name":"/home/runner/workspace/test/integration/run-lifecycle.test.ts"},{"assertionResults":[{"ancestorTitles":["Memory: RunScopedMemoryLane — deep coverage","write queue — sequential ordering"],"fullName":"Memory: RunScopedMemoryLane — deep coverage write queue — sequential ordering writes serialize within a single lane (seq always increases)","status":"passed","title":"writes serialize within a single lane (seq always increases)","duration":4.3418589999999995,"failureMessages":[],"meta":{},"tags":[]},{"ancestorTitles":["Memory: RunScopedMemoryLane — deep coverage","write queue — sequential ordering"],"fullName":"Memory: RunScopedMemoryLane — deep coverage write queue — sequential ordering entries have correct runId and projectId","status":"passed","title":"entries have correct runId and projectId","duration":0.8030259999999885,"failureMessages":[],"meta":{},"tags":[]},{"ancestorTitles":["Memory: RunScopedMemoryLane — deep coverage","retrieval correctness"],"fullName":"Memory: RunScopedMemoryLane — deep coverage retrieval correctness readLane returns last write for a key","status":"passed","title":"readLane returns last write for a key","duration":0.579373999999973,"failureMessages":[],"meta":{},"tags":[]},{"ancestorTitles":["Memory: RunScopedMemoryLane — deep coverage","retrieval correctness"],"fullName":"Memory: RunScopedMemoryLane — deep coverage retrieval correctness readLane undefined for unknown key","status":"passed","title":"readLane undefined for unknown key","duration":0.5169400000000337,"failureMessages":[],"meta":{},"tags":[]},{"ancestorTitles":["Memory: RunScopedMemoryLane — deep coverage","retrieval correctness"],"fullName":"Memory: RunScopedMemoryLane — deep coverage retrieval correctness getOrCreateLane.readAll returns all stored entries","status":"passed","title":"getOrCreateLane.readAll returns all stored entries","duration":1.5419019999999932,"failureMessages":[],"meta":{},"tags":[]},{"ancestorTitles":["Memory: RunScopedMemoryLane — deep coverage","replay ordering"],"fullName":"Memory: RunScopedMemoryLane — deep coverage replay ordering replayLane entries are sorted by seq ascending","status":"passed","title":"replayLane entries are sorted by seq ascending","duration":0.5855740000000083,"failureMessages":[],"meta":{},"tags":[]},{"ancestorTitles":["Memory: RunScopedMemoryLane — deep coverage","replay ordering"],"fullName":"Memory: RunScopedMemoryLane — deep coverage replay ordering sinceSeq filter returns only newer entries","status":"passed","title":"sinceSeq filter returns only newer entries","duration":0.5914279999999508,"failureMessages":[],"meta":{},"tags":[]},{"ancestorTitles":["Memory: RunScopedMemoryLane — deep coverage","TTL expiry"],"fullName":"Memory: RunScopedMemoryLane — deep coverage TTL expiry entry with TTL=10ms disappears after expiry","status":"passed","title":"entry with TTL=10ms disappears after expiry","duration":51.552188,"failureMessages":[],"meta":{},"tags":[]},{"ancestorTitles":["Memory: RunScopedMemoryLane — deep coverage","TTL expiry"],"fullName":"Memory: RunScopedMemoryLane — deep coverage TTL expiry entry without TTL persists","status":"passed","title":"entry without TTL persists","duration":21.624638000000004,"failureMessages":[],"meta":{},"tags":[]},{"ancestorTitles":["Memory: RunScopedMemoryLane — deep coverage","concurrent write safety"],"fullName":"Memory: RunScopedMemoryLane — deep coverage concurrent write safety 100 parallel writes all persist (no lost updates)","status":"passed","title":"100 parallel writes all persist (no lost updates)","duration":1.5417360000000144,"failureMessages":[],"meta":{},"tags":[]},{"ancestorTitles":["Memory: RunScopedMemoryLane — deep coverage","concurrent write safety"],"fullName":"Memory: RunScopedMemoryLane — deep coverage concurrent write safety totalWrites tracks all write attempts including overwrites","status":"passed","title":"totalWrites tracks all write attempts including overwrites","duration":0.4943120000000363,"failureMessages":[],"meta":{},"tags":[]},{"ancestorTitles":["Memory: RunScopedMemoryLane — deep coverage","cross-run isolation"],"fullName":"Memory: RunScopedMemoryLane — deep coverage cross-run isolation two runs maintain completely separate stores","status":"passed","title":"two runs maintain completely separate stores","duration":0.7785440000000108,"failureMessages":[],"meta":{},"tags":[]}],"startTime":1779630713023,"endTime":1779630713108.7786,"status":"passed","message":"","name":"/home/runner/workspace/test/memory/run-scoped-memory-lane.test.ts"},{"assertionResults":[{"ancestorTitles":["Orchestration: run-scoped lifecycle","phase state machine"],"fullName":"Orchestration: run-scoped lifecycle phase state machine observe → analyze → plan → execute → complete","status":"passed","title":"observe → analyze → plan → execute → complete","duration":4.956202000000076,"failureMessages":[],"meta":{},"tags":[]},{"ancestorTitles":["Orchestration: run-scoped lifecycle","phase state machine"],"fullName":"Orchestration: run-scoped lifecycle phase state machine cannot transition from terminal complete state","status":"passed","title":"cannot transition from terminal complete state","duration":0.6731499999999642,"failureMessages":[],"meta":{},"tags":[]},{"ancestorTitles":["Orchestration: run-scoped lifecycle","phase state machine"],"fullName":"Orchestration: run-scoped lifecycle phase state machine failed is also terminal","status":"passed","title":"failed is also terminal","duration":0.8951759999999922,"failureMessages":[],"meta":{},"tags":[]},{"ancestorTitles":["Orchestration: run-scoped lifecycle","phase state machine"],"fullName":"Orchestration: run-scoped lifecycle phase state machine recovering → execute is allowed (not terminal)","status":"passed","title":"recovering → execute is allowed (not terminal)","duration":0.7067650000000185,"failureMessages":[],"meta":{},"tags":[]},{"ancestorTitles":["Orchestration: run-scoped lifecycle","checkpoint history"],"fullName":"Orchestration: run-scoped lifecycle checkpoint history checkpoint is recorded for every transition","status":"passed","title":"checkpoint is recorded for every transition","duration":1.288917999999967,"failureMessages":[],"meta":{},"tags":[]},{"ancestorTitles":["Orchestration: run-scoped lifecycle","checkpoint history"],"fullName":"Orchestration: run-scoped lifecycle checkpoint history latestCheckpoint returns most recently transitioned phase","status":"passed","title":"latestCheckpoint returns most recently transitioned phase","duration":0.604748000000086,"failureMessages":[],"meta":{},"tags":[]},{"ancestorTitles":["Orchestration: run-scoped lifecycle","checkpoint history"],"fullName":"Orchestration: run-scoped lifecycle checkpoint history lastCheckpointBefore pinpoints the phase before rollback target","status":"passed","title":"lastCheckpointBefore pinpoints the phase before rollback target","duration":0.48387400000001435,"failureMessages":[],"meta":{},"tags":[]},{"ancestorTitles":["Orchestration: run-scoped lifecycle","checkpoint history"],"fullName":"Orchestration: run-scoped lifecycle checkpoint history snapshot preserves full checkpoint sequence","status":"passed","title":"snapshot preserves full checkpoint sequence","duration":1.193155000000047,"failureMessages":[],"meta":{},"tags":[]},{"ancestorTitles":["Orchestration: run-scoped lifecycle","recovery"],"fullName":"Orchestration: run-scoped lifecycle recovery recover transitions to recovering then allows re-execute","status":"passed","title":"recover transitions to recovering then allows re-execute","duration":2.673501999999985,"failureMessages":[],"meta":{},"tags":[]},{"ancestorTitles":["Orchestration: run-scoped lifecycle","recovery"],"fullName":"Orchestration: run-scoped lifecycle recovery failCount increments on each fail call","status":"passed","title":"failCount increments on each fail call","duration":3.0214300000000094,"failureMessages":[],"meta":{},"tags":[]},{"ancestorTitles":["Orchestration: run-scoped lifecycle","metadata"],"fullName":"Orchestration: run-scoped lifecycle metadata setMeta / getMeta stores arbitrary execution metadata","status":"passed","title":"setMeta / getMeta stores arbitrary execution metadata","duration":0.5119719999999006,"failureMessages":[],"meta":{},"tags":[]},{"ancestorTitles":["Orchestration: run-scoped lifecycle","metadata"],"fullName":"Orchestration: run-scoped lifecycle metadata meta is isolated between orchestrator instances","status":"passed","title":"meta is isolated between orchestrator instances","duration":1.0465199999999868,"failureMessages":[],"meta":{},"tags":[]},{"ancestorTitles":["Orchestration: run-scoped lifecycle","parallel fabric delegation"],"fullName":"Orchestration: run-scoped lifecycle parallel fabric delegation fabric.spawn creates an isolated orchestrator per run","status":"passed","title":"fabric.spawn creates an isolated orchestrator per run","duration":3.2578720000000203,"failureMessages":[],"meta":{},"tags":[]},{"ancestorTitles":["Orchestration: run-scoped lifecycle","parallel fabric delegation"],"fullName":"Orchestration: run-scoped lifecycle parallel fabric delegation parallel fabric snapshot reports positive capacity","status":"passed","title":"parallel fabric snapshot reports positive capacity","duration":0.9363820000000942,"failureMessages":[],"meta":{},"tags":[]}],"startTime":1779630715186,"endTime":1779630715208.9363,"status":"passed","message":"","name":"/home/runner/workspace/test/orchestration/run-scoped-orchestration.test.ts"},{"assertionResults":[{"ancestorTitles":["Race condition protection","File lock manager — mutual exclusion"],"fullName":"Race condition protection File lock manager — mutual exclusion only one owner can hold a lock; second acquire fails gracefully","status":"passed","title":"only one owner can hold a lock; second acquire fails gracefully","duration":1511.1185839999998,"failureMessages":[],"meta":{},"tags":[]},{"ancestorTitles":["Race condition protection","File lock manager — mutual exclusion"],"fullName":"Race condition protection File lock manager — mutual exclusion released lock can be acquired by another owner","status":"passed","title":"released lock can be acquired by another owner","duration":2.0822729999999865,"failureMessages":[],"meta":{},"tags":[]},{"ancestorTitles":["Race condition protection","File lock manager — mutual exclusion"],"fullName":"Race condition protection File lock manager — mutual exclusion 10 concurrent acquire attempts — exactly one succeeds; rest throw","status":"passed","title":"10 concurrent acquire attempts — exactly one succeeds; rest throw","duration":1509.3736639999997,"failureMessages":[],"meta":{},"tags":[]},{"ancestorTitles":["Race condition protection","File lock manager — mutual exclusion"],"fullName":"Race condition protection File lock manager — mutual exclusion assertWriteAllowed throws for non-owner","status":"passed","title":"assertWriteAllowed throws for non-owner","duration":1.8005709999997634,"failureMessages":[],"meta":{},"tags":[]},{"ancestorTitles":["Race condition protection","File lock manager — mutual exclusion"],"fullName":"Race condition protection File lock manager — mutual exclusion isWriteAllowed returns false for non-owner of locked path","status":"passed","title":"isWriteAllowed returns false for non-owner of locked path","duration":1.4619830000001457,"failureMessages":[],"meta":{},"tags":[]},{"ancestorTitles":["Race condition protection","Port allocation — atomic concurrency"],"fullName":"Race condition protection Port allocation — atomic concurrency N concurrent allocations produce N distinct ports","status":"passed","title":"N concurrent allocations produce N distinct ports","duration":33.93488100000013,"failureMessages":[],"meta":{},"tags":[]},{"ancestorTitles":["Race condition protection","Port allocation — atomic concurrency"],"fullName":"Race condition protection Port allocation — atomic concurrency port released by run A can be re-allocated by run B","status":"passed","title":"port released by run A can be re-allocated by run B","duration":5.6154710000000705,"failureMessages":[],"meta":{},"tags":[]},{"ancestorTitles":["Race condition protection","Memory lane — concurrent write safety"],"fullName":"Race condition protection Memory lane — concurrent write safety 50 concurrent writes produce 50 distinct entries (no data loss)","status":"passed","title":"50 concurrent writes produce 50 distinct entries (no data loss)","duration":1.8518690000000788,"failureMessages":[],"meta":{},"tags":[]}],"startTime":1779630712476,"endTime":1779630715543.8518,"status":"passed","message":"","name":"/home/runner/workspace/test/parallel/race-condition-protection.test.ts"},{"assertionResults":[{"ancestorTitles":["Worker isolation — parallel execution","task submission basics"],"fullName":"Worker isolation — parallel execution task submission basics returns WorkerResult with taskId and success flag","status":"passed","title":"returns WorkerResult with taskId and success flag","duration":9.936834999999974,"failureMessages":[],"meta":{},"tags":[]},{"ancestorTitles":["Worker isolation — parallel execution","task submission basics"],"fullName":"Worker isolation — parallel execution task submission basics successful task has durationMs ≥ 0","status":"passed","title":"successful task has durationMs ≥ 0","duration":1.101314999999886,"failureMessages":[],"meta":{},"tags":[]},{"ancestorTitles":["Worker isolation — parallel execution","task submission basics"],"fullName":"Worker isolation — parallel execution task submission basics failed task surfaces error without throwing","status":"passed","title":"failed task surfaces error without throwing","duration":1.8846050000001924,"failureMessages":[],"meta":{},"tags":[]},{"ancestorTitles":["Worker isolation — parallel execution","cross-task isolation"],"fullName":"Worker isolation — parallel execution cross-task isolation results of task A do not appear in task B","status":"passed","title":"results of task A do not appear in task B","duration":2.1374439999999595,"failureMessages":[],"meta":{},"tags":[]},{"ancestorTitles":["Worker isolation — parallel execution","cross-task isolation"],"fullName":"Worker isolation — parallel execution cross-task isolation N=5 concurrent tasks all complete without interference","status":"passed","title":"N=5 concurrent tasks all complete without interference","duration":5.044215000000122,"failureMessages":[],"meta":{},"tags":[]},{"ancestorTitles":["Worker isolation — parallel execution","stats"],"fullName":"Worker isolation — parallel execution stats stats() returns non-negative counters","status":"passed","title":"stats() returns non-negative counters","duration":0.6513899999999921,"failureMessages":[],"meta":{},"tags":[]}],"startTime":1779630717112,"endTime":1779630717133.6514,"status":"passed","message":"","name":"/home/runner/workspace/test/parallel/worker-isolation.test.ts"},{"assertionResults":[{"ancestorTitles":["RunScopedPreviewFabric (functional)","registerPreview"],"fullName":"RunScopedPreviewFabric (functional) registerPreview creates preview with initializing status and correct channels","status":"passed","title":"creates preview with initializing status and correct channels","duration":3.3205090000000155,"failureMessages":[],"meta":{},"tags":[]},{"ancestorTitles":["RunScopedPreviewFabric (functional)","registerPreview"],"fullName":"RunScopedPreviewFabric (functional) registerPreview emits telemetry on registration","status":"passed","title":"emits telemetry on registration","duration":1.3556310000000167,"failureMessages":[],"meta":{},"tags":[]},{"ancestorTitles":["RunScopedPreviewFabric (functional)","registerPreview"],"fullName":"RunScopedPreviewFabric (functional) registerPreview idempotent — re-register returns same instance","status":"passed","title":"idempotent — re-register returns same instance","duration":0.6085339999999633,"failureMessages":[],"meta":{},"tags":[]},{"ancestorTitles":["RunScopedPreviewFabric (functional)","markPreviewReady"],"fullName":"RunScopedPreviewFabric (functional) markPreviewReady transitions status to ready with port and url","status":"passed","title":"transitions status to ready with port and url","duration":1.047034999999937,"failureMessages":[],"meta":{},"tags":[]},{"ancestorTitles":["RunScopedPreviewFabric (functional)","markPreviewReady"],"fullName":"RunScopedPreviewFabric (functional) markPreviewReady emits telemetry after markPreviewReady","status":"passed","title":"emits telemetry after markPreviewReady","duration":0.6118669999999611,"failureMessages":[],"meta":{},"tags":[]},{"ancestorTitles":["RunScopedPreviewFabric (functional)","markPreviewError"],"fullName":"RunScopedPreviewFabric (functional) markPreviewError transitions status to error with message","status":"passed","title":"transitions status to error with message","duration":0.5768509999999196,"failureMessages":[],"meta":{},"tags":[]},{"ancestorTitles":["RunScopedPreviewFabric (functional)","markPreviewError"],"fullName":"RunScopedPreviewFabric (functional) markPreviewError emits telemetry after markPreviewError","status":"passed","title":"emits telemetry after markPreviewError","duration":0.6960920000000215,"failureMessages":[],"meta":{},"tags":[]},{"ancestorTitles":["RunScopedPreviewFabric (functional)","destroyPreview"],"fullName":"RunScopedPreviewFabric (functional) destroyPreview marks instance as destroyed (tombstone stays 120s)","status":"passed","title":"marks instance as destroyed (tombstone stays 120s)","duration":0.6048439999999573,"failureMessages":[],"meta":{},"tags":[]},{"ancestorTitles":["RunScopedPreviewFabric (functional)","destroyPreview"],"fullName":"RunScopedPreviewFabric (functional) destroyPreview removed from listActivePreviews after destroy","status":"passed","title":"removed from listActivePreviews after destroy","duration":1.6175230000000056,"failureMessages":[],"meta":{},"tags":[]},{"ancestorTitles":["RunScopedPreviewFabric (functional)","destroyPreview"],"fullName":"RunScopedPreviewFabric (functional) destroyPreview emits telemetry on destroy","status":"passed","title":"emits telemetry on destroy","duration":1.9663000000000466,"failureMessages":[],"meta":{},"tags":[]},{"ancestorTitles":["RunScopedPreviewFabric (functional)","destroyPreview"],"fullName":"RunScopedPreviewFabric (functional) destroyPreview is idempotent — double destroy does not throw","status":"passed","title":"is idempotent — double destroy does not throw","duration":1.871150000000057,"failureMessages":[],"meta":{},"tags":[]},{"ancestorTitles":["RunScopedPreviewFabric (functional)","cross-run isolation"],"fullName":"RunScopedPreviewFabric (functional) cross-run isolation two previews have distinct channels","status":"passed","title":"two previews have distinct channels","duration":1.5117979999999989,"failureMessages":[],"meta":{},"tags":[]},{"ancestorTitles":["RunScopedPreviewFabric (functional)","cross-run isolation"],"fullName":"RunScopedPreviewFabric (functional) cross-run isolation marking runA ready does not affect runB status","status":"passed","title":"marking runA ready does not affect runB status","duration":2.3449600000000146,"failureMessages":[],"meta":{},"tags":[]},{"ancestorTitles":["RunScopedPreviewFabric (functional)","snapshot / listActivePreviews"],"fullName":"RunScopedPreviewFabric (functional) snapshot / listActivePreviews snapshot reports correct active count","status":"passed","title":"snapshot reports correct active count","duration":0.6430209999999761,"failureMessages":[],"meta":{},"tags":[]},{"ancestorTitles":["RunScopedPreviewFabric (functional)","snapshot / listActivePreviews"],"fullName":"RunScopedPreviewFabric (functional) snapshot / listActivePreviews listActivePreviews includes registered preview","status":"passed","title":"listActivePreviews includes registered preview","duration":0.4845260000000735,"failureMessages":[],"meta":{},"tags":[]}],"startTime":1779630717259,"endTime":1779630717279.4846,"status":"passed","message":"","name":"/home/runner/workspace/test/preview/run-scoped-preview.test.ts"},{"assertionResults":[{"ancestorTitles":["Deterministic replay system","memory lane replay"],"fullName":"Deterministic replay system memory lane replay replay is deterministic — same result on repeated calls","status":"passed","title":"replay is deterministic — same result on repeated calls","duration":3.645219000000111,"failureMessages":[],"meta":{},"tags":[]},{"ancestorTitles":["Deterministic replay system","memory lane replay"],"fullName":"Deterministic replay system memory lane replay replay entries are sorted by seq ascending","status":"passed","title":"replay entries are sorted by seq ascending","duration":1.7290369999999484,"failureMessages":[],"meta":{},"tags":[]},{"ancestorTitles":["Deterministic replay system","orchestration checkpoint replay"],"fullName":"Deterministic replay system orchestration checkpoint replay snapshot checkpoint history enables step-by-step replay","status":"passed","title":"snapshot checkpoint history enables step-by-step replay","duration":1.545641000000046,"failureMessages":[],"meta":{},"tags":[]},{"ancestorTitles":["Deterministic replay system","orchestration checkpoint replay"],"fullName":"Deterministic replay system orchestration checkpoint replay failure replay: lastCheckpointBefore pinpoints pre-failure phase","status":"passed","title":"failure replay: lastCheckpointBefore pinpoints pre-failure phase","duration":0.856166999999914,"failureMessages":[],"meta":{},"tags":[]},{"ancestorTitles":["Deterministic replay system","orchestration checkpoint replay"],"fullName":"Deterministic replay system orchestration checkpoint replay checkpoint seq is monotonically increasing","status":"passed","title":"checkpoint seq is monotonically increasing","duration":0.7487969999999677,"failureMessages":[],"meta":{},"tags":[]},{"ancestorTitles":["Deterministic replay system","telemetry replay"],"fullName":"Deterministic replay system telemetry replay bus emission order matches transition order","status":"passed","title":"bus emission order matches transition order","duration":0.7401270000000295,"failureMessages":[],"meta":{},"tags":[]},{"ancestorTitles":["Deterministic replay system","telemetry replay"],"fullName":"Deterministic replay system telemetry replay event IDs are monotonically increasing within one channel","status":"passed","title":"event IDs are monotonically increasing within one channel","duration":0.5286280000000261,"failureMessages":[],"meta":{},"tags":[]},{"ancestorTitles":["Deterministic replay system","failure reproduction"],"fullName":"Deterministic replay system failure reproduction replay from lastCheckpoint correctly restores pre-failure state","status":"passed","title":"replay from lastCheckpoint correctly restores pre-failure state","duration":0.8409510000000182,"failureMessages":[],"meta":{},"tags":[]},{"ancestorTitles":["Deterministic replay system","combined timeline reconstruction"],"fullName":"Deterministic replay system combined timeline reconstruction memory and telemetry entries can be merged into ordered timeline","status":"passed","title":"memory and telemetry entries can be merged into ordered timeline","duration":1.606192999999962,"failureMessages":[],"meta":{},"tags":[]}],"startTime":1779630718019,"endTime":1779630718031.6062,"status":"passed","message":"","name":"/home/runner/workspace/test/replay/event-replay.test.ts"},{"assertionResults":[{"ancestorTitles":["MultiRunRecovery — recovery systems","retry escalation"],"fullName":"MultiRunRecovery — recovery systems retry escalation strategy escalates from retry → rollback → circuit-break","status":"passed","title":"strategy escalates from retry → rollback → circuit-break","duration":5.987171999999987,"failureMessages":[],"meta":{},"tags":[]},{"ancestorTitles":["MultiRunRecovery — recovery systems","circuit breaker"],"fullName":"MultiRunRecovery — recovery systems circuit breaker circuit opens after maxRetries exhausted","status":"passed","title":"circuit opens after maxRetries exhausted","duration":2.323590000000081,"failureMessages":[],"meta":{},"tags":[]},{"ancestorTitles":["MultiRunRecovery — recovery systems","circuit breaker"],"fullName":"MultiRunRecovery — recovery systems circuit breaker circuit remains closed after successful recovery","status":"passed","title":"circuit remains closed after successful recovery","duration":0.9580009999999675,"failureMessages":[],"meta":{},"tags":[]},{"ancestorTitles":["MultiRunRecovery — recovery systems","cross-run isolation"],"fullName":"MultiRunRecovery — recovery systems cross-run isolation open circuit in runA does not affect runB","status":"passed","title":"open circuit in runA does not affect runB","duration":0.7152340000000095,"failureMessages":[],"meta":{},"tags":[]},{"ancestorTitles":["MultiRunRecovery — recovery systems","cross-run isolation"],"fullName":"MultiRunRecovery — recovery systems cross-run isolation attempts for runA do not appear in runB history","status":"passed","title":"attempts for runA do not appear in runB history","duration":2.9188950000000204,"failureMessages":[],"meta":{},"tags":[]},{"ancestorTitles":["MultiRunRecovery — recovery systems","10 concurrent runs"],"fullName":"MultiRunRecovery — recovery systems 10 concurrent runs 10 runs can each trigger and resolve recovery independently","status":"passed","title":"10 runs can each trigger and resolve recovery independently","duration":4.503368000000023,"failureMessages":[],"meta":{},"tags":[]},{"ancestorTitles":["MultiRunRecovery — recovery systems","stats"],"fullName":"MultiRunRecovery — recovery systems stats totalAttempts increases with each triggered recovery","status":"passed","title":"totalAttempts increases with each triggered recovery","duration":7.3535969999999224,"failureMessages":[],"meta":{},"tags":[]}],"startTime":1779630714267,"endTime":1779630714292.3535,"status":"passed","message":"","name":"/home/runner/workspace/test/recovery/multi-run-recovery.test.ts"},{"assertionResults":[{"ancestorTitles":["RecoveryManager"],"fullName":"RecoveryManager recoverFromCrash succeeds with lock","status":"passed","title":"recoverFromCrash succeeds with lock","duration":2.3207089999999653,"failureMessages":[],"meta":{},"tags":[]},{"ancestorTitles":["RecoveryManager"],"fullName":"RecoveryManager skips recovery when lock is held","status":"passed","title":"skips recovery when lock is held","duration":1.7731140000000778,"failureMessages":[],"meta":{},"tags":[]},{"ancestorTitles":["RecoveryManager"],"fullName":"RecoveryManager safeRollback returns rollback result","status":"passed","title":"safeRollback returns rollback result","duration":0.3219920000000229,"failureMessages":[],"meta":{},"tags":[]},{"ancestorTitles":["RecoveryManager"],"fullName":"RecoveryManager validateCheckpoint returns valid=true for stable checkpoint","status":"passed","title":"validateCheckpoint returns valid=true for stable checkpoint","duration":1.0929889999999887,"failureMessages":[],"meta":{},"tags":[]},{"ancestorTitles":["RecoveryManager"],"fullName":"RecoveryManager getRecoveryDiagnostics returns projectId","status":"passed","title":"getRecoveryDiagnostics returns projectId","duration":0.40478200000006836,"failureMessages":[],"meta":{},"tags":[]}],"startTime":1779630719437,"endTime":1779630719443.4048,"status":"passed","message":"","name":"/home/runner/workspace/test/recovery/recovery-manager.test.ts"},{"assertionResults":[{"ancestorTitles":["Sandbox isolation — security","cross-run environment isolation"],"fullName":"Sandbox isolation — security cross-run environment isolation env vars in scope A do not leak into scope B","status":"passed","title":"env vars in scope A do not leak into scope B","duration":5.565127999999959,"failureMessages":[],"meta":{},"tags":[]},{"ancestorTitles":["Sandbox isolation — security","cross-run environment isolation"],"fullName":"Sandbox isolation — security cross-run environment isolation PID tracking is isolated per scope","status":"passed","title":"PID tracking is isolated per scope","duration":1.9925200000000132,"failureMessages":[],"meta":{},"tags":[]},{"ancestorTitles":["Sandbox isolation — security","cross-run environment isolation"],"fullName":"Sandbox isolation — security cross-run environment isolation two runs have distinct project dirs","status":"passed","title":"two runs have distinct project dirs","duration":2.008721000000037,"failureMessages":[],"meta":{},"tags":[]},{"ancestorTitles":["Sandbox isolation — security","scope teardown"],"fullName":"Sandbox isolation — security scope teardown teardownSandbox removes scope from registry","status":"passed","title":"teardownSandbox removes scope from registry","duration":0.9601940000000013,"failureMessages":[],"meta":{},"tags":[]},{"ancestorTitles":["Sandbox isolation — security","env var management"],"fullName":"Sandbox isolation — security env var management setSandboxEnv / getSandboxEnv round-trip","status":"passed","title":"setSandboxEnv / getSandboxEnv round-trip","duration":1.062624000000028,"failureMessages":[],"meta":{},"tags":[]},{"ancestorTitles":["Sandbox isolation — security","file lock ownership enforcement"],"fullName":"Sandbox isolation — security file lock ownership enforcement assertWriteAllowed does not throw for owner","status":"passed","title":"assertWriteAllowed does not throw for owner","duration":2.5502689999999575,"failureMessages":[],"meta":{},"tags":[]},{"ancestorTitles":["Sandbox isolation — security","file lock ownership enforcement"],"fullName":"Sandbox isolation — security file lock ownership enforcement non-owner is blocked from writing to locked path","status":"passed","title":"non-owner is blocked from writing to locked path","duration":1.452274999999986,"failureMessages":[],"meta":{},"tags":[]},{"ancestorTitles":["Sandbox isolation — security","file lock ownership enforcement"],"fullName":"Sandbox isolation — security file lock ownership enforcement 10 concurrent lock attempts — exactly one wins per path","status":"passed","title":"10 concurrent lock attempts — exactly one wins per path","duration":1510.6312950000001,"failureMessages":[],"meta":{},"tags":[]},{"ancestorTitles":["Sandbox isolation — security","PID registration"],"fullName":"Sandbox isolation — security PID registration registerPid / deregisterPid manage ownership","status":"passed","title":"registerPid / deregisterPid manage ownership","duration":1.8354410000001735,"failureMessages":[],"meta":{},"tags":[]}],"startTime":1779630712414,"endTime":1779630713942.8354,"status":"passed","message":"","name":"/home/runner/workspace/test/security/sandbox-isolation.test.ts"},{"assertionResults":[{"ancestorTitles":["Runtime: port detection and lifecycle","allocation range"],"fullName":"Runtime: port detection and lifecycle allocation range allocated port is in ephemeral range (1025–65535)","status":"passed","title":"allocated port is in ephemeral range (1025–65535)","duration":11.635095000000092,"failureMessages":[],"meta":{},"tags":[]},{"ancestorTitles":["Runtime: port detection and lifecycle","allocation range"],"fullName":"Runtime: port detection and lifecycle allocation range never allocates a platform-reserved port","status":"passed","title":"never allocates a platform-reserved port","duration":72.26708100000008,"failureMessages":[],"meta":{},"tags":[]},{"ancestorTitles":["Runtime: port detection and lifecycle","reservation lifecycle"],"fullName":"Runtime: port detection and lifecycle reservation lifecycle reservation includes allocatedAt timestamp","status":"passed","title":"reservation includes allocatedAt timestamp","duration":2.5048730000000887,"failureMessages":[],"meta":{},"tags":[]},{"ancestorTitles":["Runtime: port detection and lifecycle","reservation lifecycle"],"fullName":"Runtime: port detection and lifecycle reservation lifecycle released port is no longer reserved","status":"passed","title":"released port is no longer reserved","duration":3.5096790000000055,"failureMessages":[],"meta":{},"tags":[]},{"ancestorTitles":["Runtime: port detection and lifecycle","reservation lifecycle"],"fullName":"Runtime: port detection and lifecycle reservation lifecycle releaseRunPorts frees all ports for the run","status":"passed","title":"releaseRunPorts frees all ports for the run","duration":5.321640000000002,"failureMessages":[],"meta":{},"tags":[]},{"ancestorTitles":["Runtime: port detection and lifecycle","sweep stale reservations"],"fullName":"Runtime: port detection and lifecycle sweep stale reservations sweeps reservations older than maxAgeMs","status":"passed","title":"sweeps reservations older than maxAgeMs","duration":3.6538779999999633,"failureMessages":[],"meta":{},"tags":[]},{"ancestorTitles":["Runtime: port detection and lifecycle","sweep stale reservations"],"fullName":"Runtime: port detection and lifecycle sweep stale reservations does not sweep recently allocated ports","status":"passed","title":"does not sweep recently allocated ports","duration":2.832049999999981,"failureMessages":[],"meta":{},"tags":[]},{"ancestorTitles":["Runtime: port detection and lifecycle","snapshot consistency"],"fullName":"Runtime: port detection and lifecycle snapshot consistency snapshot.totalReserved increases after allocation","status":"passed","title":"snapshot.totalReserved increases after allocation","duration":2.1739290000000437,"failureMessages":[],"meta":{},"tags":[]},{"ancestorTitles":["Runtime: port detection and lifecycle","snapshot consistency"],"fullName":"Runtime: port detection and lifecycle snapshot consistency snapshot.byRun includes the allocated run","status":"passed","title":"snapshot.byRun includes the allocated run","duration":2.2079009999999926,"failureMessages":[],"meta":{},"tags":[]},{"ancestorTitles":["Runtime: port detection and lifecycle","zombie prevention"],"fullName":"Runtime: port detection and lifecycle zombie prevention orphaned stale allocations are swept cleanly","status":"passed","title":"orphaned stale allocations are swept cleanly","duration":2.203078000000005,"failureMessages":[],"meta":{},"tags":[]}],"startTime":1779630712420,"endTime":1779630712530.2031,"status":"passed","message":"","name":"/home/runner/workspace/test/runtime/port-detection.test.ts"},{"assertionResults":[{"ancestorTitles":["RunTelemetryChannel — advanced telemetry","event sequence integrity"],"fullName":"RunTelemetryChannel — advanced telemetry event sequence integrity event IDs encode sequential prefix for ordering","status":"passed","title":"event IDs encode sequential prefix for ordering","duration":3.8460469999999987,"failureMessages":[],"meta":{},"tags":[]},{"ancestorTitles":["RunTelemetryChannel — advanced telemetry","event sequence integrity"],"fullName":"RunTelemetryChannel — advanced telemetry event sequence integrity ts timestamps are non-decreasing","status":"passed","title":"ts timestamps are non-decreasing","duration":2.759926999999948,"failureMessages":[],"meta":{},"tags":[]},{"ancestorTitles":["RunTelemetryChannel — advanced telemetry","phase tagging"],"fullName":"RunTelemetryChannel — advanced telemetry phase tagging phase is preserved on the event","status":"passed","title":"phase is preserved on the event","duration":1.0347659999999905,"failureMessages":[],"meta":{},"tags":[]},{"ancestorTitles":["RunTelemetryChannel — advanced telemetry","buffer limits"],"fullName":"RunTelemetryChannel — advanced telemetry buffer limits buffered count does not grow unboundedly (capped at MAX_BUFFER)","status":"passed","title":"buffered count does not grow unboundedly (capped at MAX_BUFFER)","duration":1.2301919999999882,"failureMessages":[],"meta":{},"tags":[]},{"ancestorTitles":["RunTelemetryChannel — advanced telemetry","lastEventAt tracking"],"fullName":"RunTelemetryChannel — advanced telemetry lastEventAt tracking lastEventAt is non-null after first emit","status":"passed","title":"lastEventAt is non-null after first emit","duration":0.5294219999999541,"failureMessages":[],"meta":{},"tags":[]},{"ancestorTitles":["RunTelemetryChannel — advanced telemetry","lastEventAt tracking"],"fullName":"RunTelemetryChannel — advanced telemetry lastEventAt tracking lastEventAt updates on each emit","status":"passed","title":"lastEventAt updates on each emit","duration":2.9839829999999665,"failureMessages":[],"meta":{},"tags":[]},{"ancestorTitles":["RunTelemetryChannel — advanced telemetry","10-run fan-out isolation"],"fullName":"RunTelemetryChannel — advanced telemetry 10-run fan-out isolation 10 channels emit independently without collision","status":"passed","title":"10 channels emit independently without collision","duration":2.490831000000071,"failureMessages":[],"meta":{},"tags":[]}],"startTime":1779630717288,"endTime":1779630717303.4907,"status":"passed","message":"","name":"/home/runner/workspace/test/telemetry/run-scoped-telemetry.test.ts"},{"assertionResults":[{"ancestorTitles":["RunTelemetryChannel","emit"],"fullName":"RunTelemetryChannel emit returns event with id, runId, eventType, and timestamp","status":"passed","title":"returns event with id, runId, eventType, and timestamp","duration":3.5631889999999657,"failureMessages":[],"meta":{},"tags":[]},{"ancestorTitles":["RunTelemetryChannel","emit"],"fullName":"RunTelemetryChannel emit event id is unique per emission","status":"passed","title":"event id is unique per emission","duration":1.9756649999999354,"failureMessages":[],"meta":{},"tags":[]},{"ancestorTitles":["RunTelemetryChannel","emit"],"fullName":"RunTelemetryChannel emit runId matches channel on all emissions","status":"passed","title":"runId matches channel on all emissions","duration":1.9470680000000584,"failureMessages":[],"meta":{},"tags":[]},{"ancestorTitles":["RunTelemetryChannel","standard telemetry events"],"fullName":"RunTelemetryChannel standard telemetry events emits test.started correctly","status":"passed","title":"emits test.started correctly","duration":0.5780670000000327,"failureMessages":[],"meta":{},"tags":[]},{"ancestorTitles":["RunTelemetryChannel","standard telemetry events"],"fullName":"RunTelemetryChannel standard telemetry events emits test.completed correctly","status":"passed","title":"emits test.completed correctly","duration":0.6844509999999673,"failureMessages":[],"meta":{},"tags":[]},{"ancestorTitles":["RunTelemetryChannel","standard telemetry events"],"fullName":"RunTelemetryChannel standard telemetry events emits test.failed correctly","status":"passed","title":"emits test.failed correctly","duration":0.42797699999994165,"failureMessages":[],"meta":{},"tags":[]},{"ancestorTitles":["RunTelemetryChannel","standard telemetry events"],"fullName":"RunTelemetryChannel standard telemetry events emits assertion.failed correctly","status":"passed","title":"emits assertion.failed correctly","duration":0.33770700000002307,"failureMessages":[],"meta":{},"tags":[]},{"ancestorTitles":["RunTelemetryChannel","standard telemetry events"],"fullName":"RunTelemetryChannel standard telemetry events emits retry.started correctly","status":"passed","title":"emits retry.started correctly","duration":0.4571260000000166,"failureMessages":[],"meta":{},"tags":[]},{"ancestorTitles":["RunTelemetryChannel","standard telemetry events"],"fullName":"RunTelemetryChannel standard telemetry events emits retry.completed correctly","status":"passed","title":"emits retry.completed correctly","duration":0.5365180000000009,"failureMessages":[],"meta":{},"tags":[]},{"ancestorTitles":["RunTelemetryChannel","standard telemetry events"],"fullName":"RunTelemetryChannel standard telemetry events emits runtime.crashed correctly","status":"passed","title":"emits runtime.crashed correctly","duration":0.8013779999999997,"failureMessages":[],"meta":{},"tags":[]},{"ancestorTitles":["RunTelemetryChannel","standard telemetry events"],"fullName":"RunTelemetryChannel standard telemetry events emits orchestration.failed correctly","status":"passed","title":"emits orchestration.failed correctly","duration":0.4138500000000249,"failureMessages":[],"meta":{},"tags":[]},{"ancestorTitles":["RunTelemetryChannel","standard telemetry events"],"fullName":"RunTelemetryChannel standard telemetry events emits recovery.triggered correctly","status":"passed","title":"emits recovery.triggered correctly","duration":0.6085590000000138,"failureMessages":[],"meta":{},"tags":[]},{"ancestorTitles":["RunTelemetryChannel","standard telemetry events"],"fullName":"RunTelemetryChannel standard telemetry events emits preview.failed correctly","status":"passed","title":"emits preview.failed correctly","duration":0.5619479999999157,"failureMessages":[],"meta":{},"tags":[]},{"ancestorTitles":["RunTelemetryChannel","buffer ordering"],"fullName":"RunTelemetryChannel buffer ordering buffered events appear in emission order","status":"passed","title":"buffered events appear in emission order","duration":0.5546319999999696,"failureMessages":[],"meta":{},"tags":[]},{"ancestorTitles":["RunTelemetryChannel","channel stats"],"fullName":"RunTelemetryChannel channel stats stats().runId matches channel runId","status":"passed","title":"stats().runId matches channel runId","duration":0.7432129999999688,"failureMessages":[],"meta":{},"tags":[]},{"ancestorTitles":["RunTelemetryChannel","channel stats"],"fullName":"RunTelemetryChannel channel stats buffered count increments with each emit","status":"passed","title":"buffered count increments with each emit","duration":0.7806279999999788,"failureMessages":[],"meta":{},"tags":[]},{"ancestorTitles":["RunTelemetryChannel","channel isolation"],"fullName":"RunTelemetryChannel channel isolation two channels have different runIds on their events","status":"passed","title":"two channels have different runIds on their events","duration":1.5830780000000004,"failureMessages":[],"meta":{},"tags":[]},{"ancestorTitles":["RunTelemetryChannel","destroy"],"fullName":"RunTelemetryChannel destroy after destroy, channel stats show 0 subscribers","status":"passed","title":"after destroy, channel stats show 0 subscribers","duration":1.0959149999999909,"failureMessages":[],"meta":{},"tags":[]},{"ancestorTitles":["RunTelemetryChannel","payload passthrough"],"fullName":"RunTelemetryChannel payload passthrough custom payload is preserved on the returned event","status":"passed","title":"custom payload is preserved on the returned event","duration":1.2466739999999845,"failureMessages":[],"meta":{},"tags":[]}],"startTime":1779630715667,"endTime":1779630715687.2466,"status":"passed","message":"","name":"/home/runner/workspace/test/telemetry/run-telemetry-channel.test.ts"},{"assertionResults":[{"ancestorTitles":["MultiAgentCoordinator"],"fullName":"MultiAgentCoordinator parallel dispatch — all succeed → ok=true, successRate=1","status":"passed","title":"parallel dispatch — all succeed → ok=true, successRate=1","duration":4.44500800000003,"failureMessages":[],"meta":{},"tags":[]},{"ancestorTitles":["MultiAgentCoordinator"],"fullName":"MultiAgentCoordinator captures failed tasks without throwing","status":"passed","title":"captures failed tasks without throwing","duration":1.0438550000000077,"failureMessages":[],"meta":{},"tags":[]},{"ancestorTitles":["MultiAgentCoordinator"],"fullName":"MultiAgentCoordinator sequential dispatch preserves order","status":"passed","title":"sequential dispatch preserves order","duration":1.5341169999999238,"failureMessages":[],"meta":{},"tags":[]},{"ancestorTitles":["MultiAgentCoordinator"],"fullName":"MultiAgentCoordinator barrier returns ok=true when all promises resolve true","status":"passed","title":"barrier returns ok=true when all promises resolve true","duration":0.4482739999999694,"failureMessages":[],"meta":{},"tags":[]}],"startTime":1779630719489,"endTime":1779630719496.5342,"status":"passed","message":"","name":"/home/runner/workspace/test/unit/multi-agent-coordinator.test.ts"},{"assertionResults":[{"ancestorTitles":["MultiRunRecoverySystem","triggerRecovery"],"fullName":"MultiRunRecoverySystem triggerRecovery creates attempt #1 with retry strategy","status":"passed","title":"creates attempt #1 with retry strategy","duration":6.222171000000003,"failureMessages":[],"meta":{},"tags":[]},{"ancestorTitles":["MultiRunRecoverySystem","triggerRecovery"],"fullName":"MultiRunRecoverySystem triggerRecovery escalates strategy on subsequent attempts","status":"passed","title":"escalates strategy on subsequent attempts","duration":4.2205659999999625,"failureMessages":[],"meta":{},"tags":[]},{"ancestorTitles":["MultiRunRecoverySystem","triggerRecovery"],"fullName":"MultiRunRecoverySystem triggerRecovery opens circuit breaker after maxRetries","status":"passed","title":"opens circuit breaker after maxRetries","duration":2.7801660000000084,"failureMessages":[],"meta":{},"tags":[]},{"ancestorTitles":["MultiRunRecoverySystem","triggerRecovery"],"fullName":"MultiRunRecoverySystem triggerRecovery circuit-break attempt uses circuit-break strategy","status":"passed","title":"circuit-break attempt uses circuit-break strategy","duration":2.076341999999954,"failureMessages":[],"meta":{},"tags":[]},{"ancestorTitles":["MultiRunRecoverySystem","resolveRecovery"],"fullName":"MultiRunRecoverySystem resolveRecovery marks the pending attempt as success","status":"passed","title":"marks the pending attempt as success","duration":2.402033000000074,"failureMessages":[],"meta":{},"tags":[]},{"ancestorTitles":["MultiRunRecoverySystem","resolveRecovery"],"fullName":"MultiRunRecoverySystem resolveRecovery is a no-op for unknown runId","status":"passed","title":"is a no-op for unknown runId","duration":1.0758039999999482,"failureMessages":[],"meta":{},"tags":[]},{"ancestorTitles":["MultiRunRecoverySystem","cross-run isolation"],"fullName":"MultiRunRecoverySystem cross-run isolation recovery for runA does not affect runB","status":"passed","title":"recovery for runA does not affect runB","duration":2.938596999999959,"failureMessages":[],"meta":{},"tags":[]},{"ancestorTitles":["MultiRunRecoverySystem","stats"],"fullName":"MultiRunRecoverySystem stats returns non-negative counts","status":"passed","title":"returns non-negative counts","duration":0.5059509999999818,"failureMessages":[],"meta":{},"tags":[]}],"startTime":1779630716455,"endTime":1779630716477.5059,"status":"passed","message":"","name":"/home/runner/workspace/test/unit/multi-run-recovery.test.ts"},{"assertionResults":[{"ancestorTitles":["ParallelOrchestrationFabric","spawn"],"fullName":"ParallelOrchestrationFabric spawn spawns a new orchestrator for a fresh runId","status":"passed","title":"spawns a new orchestrator for a fresh runId","duration":4.149944999999889,"failureMessages":[],"meta":{},"tags":[]},{"ancestorTitles":["ParallelOrchestrationFabric","spawn"],"fullName":"ParallelOrchestrationFabric spawn is idempotent — re-spawn of active run returns same orchestrator","status":"passed","title":"is idempotent — re-spawn of active run returns same orchestrator","duration":0.8175989999999729,"failureMessages":[],"meta":{},"tags":[]},{"ancestorTitles":["ParallelOrchestrationFabric","spawn"],"fullName":"ParallelOrchestrationFabric spawn rejects spawn when capacity exceeded","status":"passed","title":"rejects spawn when capacity exceeded","duration":4.998391999999967,"failureMessages":[],"meta":{},"tags":[]},{"ancestorTitles":["ParallelOrchestrationFabric","isActive"],"fullName":"ParallelOrchestrationFabric isActive returns true for active run, false after fail","status":"passed","title":"returns true for active run, false after fail","duration":1.5539570000000822,"failureMessages":[],"meta":{},"tags":[]},{"ancestorTitles":["ParallelOrchestrationFabric","isActive"],"fullName":"ParallelOrchestrationFabric isActive returns false for unknown runId","status":"passed","title":"returns false for unknown runId","duration":0.24958600000002207,"failureMessages":[],"meta":{},"tags":[]},{"ancestorTitles":["ParallelOrchestrationFabric","transition"],"fullName":"ParallelOrchestrationFabric transition delegates phase transition to the correct orchestrator","status":"passed","title":"delegates phase transition to the correct orchestrator","duration":0.7364789999999175,"failureMessages":[],"meta":{},"tags":[]},{"ancestorTitles":["ParallelOrchestrationFabric","transition"],"fullName":"ParallelOrchestrationFabric transition cross-run transitions do not affect each other","status":"passed","title":"cross-run transitions do not affect each other","duration":0.9816280000000006,"failureMessages":[],"meta":{},"tags":[]},{"ancestorTitles":["ParallelOrchestrationFabric","snapshot"],"fullName":"ParallelOrchestrationFabric snapshot reports active count and pressure ≤ 1","status":"passed","title":"reports active count and pressure ≤ 1","duration":0.38902699999994184,"failureMessages":[],"meta":{},"tags":[]},{"ancestorTitles":["ParallelOrchestrationFabric","10-run parallel safety"],"fullName":"ParallelOrchestrationFabric 10-run parallel safety 10 runs spawn and fail independently without interference","status":"passed","title":"10 runs spawn and fail independently without interference","duration":3.9271479999999883,"failureMessages":[],"meta":{},"tags":[]}],"startTime":1779630714958,"endTime":1779630714976.9272,"status":"passed","message":"","name":"/home/runner/workspace/test/unit/parallel-orchestration-fabric.test.ts"},{"assertionResults":[{"ancestorTitles":["ParallelVerificationEngine"],"fullName":"ParallelVerificationEngine returns ok=true when all waves pass","status":"failed","title":"returns ok=true when all waves pass","duration":13.604557000000113,"failureMessages":["AssertionError: expected false to be true // Object.is equality\n    at /home/runner/workspace/test/unit/parallel-verification-engine.test.ts:69:23\n    at processTicksAndRejections (node:internal/process/task_queues:95:5)\n    at file:///home/runner/workspace/node_modules/@vitest/runner/dist/chunk-artifact.js:1903:20"],"meta":{},"tags":[]},{"ancestorTitles":["ParallelVerificationEngine"],"fullName":"ParallelVerificationEngine runs Wave A stages in parallel (A has 2 stages)","status":"passed","title":"runs Wave A stages in parallel (A has 2 stages)","duration":3.5871470000001864,"failureMessages":[],"meta":{},"tags":[]},{"ancestorTitles":["ParallelVerificationEngine"],"fullName":"ParallelVerificationEngine runs Wave B stages in parallel (B has 2 stages)","status":"failed","title":"runs Wave B stages in parallel (B has 2 stages)","duration":3.73805799999991,"failureMessages":["AssertionError: the given combination of arguments (undefined and string) is invalid for this assertion. You can use an array, a map, an object, a set, a string, or a weakset instead of a string\n    at Proxy.<anonymous> (file:///home/runner/workspace/node_modules/@vitest/expect/dist/index.js:1319:15)\n    at Proxy.<anonymous> (file:///home/runner/workspace/node_modules/@vitest/expect/dist/index.js:1156:15)\n    at Proxy.methodWrapper (file:///home/runner/workspace/node_modules/chai/index.js:1700:25)\n    at /home/runner/workspace/test/unit/parallel-verification-engine.test.ts:84:27\n    at processTicksAndRejections (node:internal/process/task_queues:95:5)\n    at file:///home/runner/workspace/node_modules/@vitest/runner/dist/chunk-artifact.js:1903:20"],"meta":{},"tags":[]},{"ancestorTitles":["ParallelVerificationEngine"],"fullName":"ParallelVerificationEngine Wave C is sequential state reconciliation","status":"failed","title":"Wave C is sequential state reconciliation","duration":1.7759539999997287,"failureMessages":["AssertionError: the given combination of arguments (undefined and string) is invalid for this assertion. You can use an array, a map, an object, a set, a string, or a weakset instead of a string\n    at Proxy.<anonymous> (file:///home/runner/workspace/node_modules/@vitest/expect/dist/index.js:1319:15)\n    at Proxy.<anonymous> (file:///home/runner/workspace/node_modules/@vitest/expect/dist/index.js:1156:15)\n    at Proxy.methodWrapper (file:///home/runner/workspace/node_modules/chai/index.js:1700:25)\n    at /home/runner/workspace/test/unit/parallel-verification-engine.test.ts:91:27\n    at processTicksAndRejections (node:internal/process/task_queues:95:5)\n    at file:///home/runner/workspace/node_modules/@vitest/runner/dist/chunk-artifact.js:1903:20"],"meta":{},"tags":[]},{"ancestorTitles":["ParallelVerificationEngine"],"fullName":"ParallelVerificationEngine halts at Wave A if STATIC fails (fail-closed)","status":"passed","title":"halts at Wave A if STATIC fails (fail-closed)","duration":3.1306319999998777,"failureMessages":[],"meta":{},"tags":[]},{"ancestorTitles":["ParallelVerificationEngine"],"fullName":"ParallelVerificationEngine records durationMs for each wave","status":"passed","title":"records durationMs for each wave","duration":2.4792720000000372,"failureMessages":[],"meta":{},"tags":[]}],"startTime":1779630711667,"endTime":1779630711695.4792,"status":"failed","message":"","name":"/home/runner/workspace/test/unit/parallel-verification-engine.test.ts"},{"assertionResults":[{"ancestorTitles":["PortAllocationAuthority","allocatePort"],"fullName":"PortAllocationAuthority allocatePort returns ok=true with a valid port number","status":"passed","title":"returns ok=true with a valid port number","duration":9.674086000000045,"failureMessages":[],"meta":{},"tags":[]},{"ancestorTitles":["PortAllocationAuthority","allocatePort"],"fullName":"PortAllocationAuthority allocatePort reserved port appears in snapshot","status":"passed","title":"reserved port appears in snapshot","duration":3.353591999999992,"failureMessages":[],"meta":{},"tags":[]},{"ancestorTitles":["PortAllocationAuthority","allocatePort"],"fullName":"PortAllocationAuthority allocatePort allocated port passes isPortReserved check","status":"passed","title":"allocated port passes isPortReserved check","duration":4.247604000000024,"failureMessages":[],"meta":{},"tags":[]},{"ancestorTitles":["PortAllocationAuthority","allocatePort"],"fullName":"PortAllocationAuthority allocatePort allocates different ports for concurrent runs","status":"passed","title":"allocates different ports for concurrent runs","duration":4.565074000000038,"failureMessages":[],"meta":{},"tags":[]},{"ancestorTitles":["PortAllocationAuthority","releasePort"],"fullName":"PortAllocationAuthority releasePort removes reservation after release","status":"passed","title":"removes reservation after release","duration":2.9258729999999673,"failureMessages":[],"meta":{},"tags":[]},{"ancestorTitles":["PortAllocationAuthority","releasePort"],"fullName":"PortAllocationAuthority releasePort is idempotent — double-release does not throw","status":"passed","title":"is idempotent — double-release does not throw","duration":4.416191999999967,"failureMessages":[],"meta":{},"tags":[]},{"ancestorTitles":["PortAllocationAuthority","releaseRunPorts"],"fullName":"PortAllocationAuthority releaseRunPorts releases all ports for a run","status":"passed","title":"releases all ports for a run","duration":5.1410040000000095,"failureMessages":[],"meta":{},"tags":[]},{"ancestorTitles":["PortAllocationAuthority","getReservation"],"fullName":"PortAllocationAuthority getReservation returns reservation with correct runId","status":"passed","title":"returns reservation with correct runId","duration":2.1695819999999912,"failureMessages":[],"meta":{},"tags":[]},{"ancestorTitles":["PortAllocationAuthority","sweepStaleReservations"],"fullName":"PortAllocationAuthority sweepStaleReservations removes reservations older than maxAgeMs","status":"passed","title":"removes reservations older than maxAgeMs","duration":4.737513000000035,"failureMessages":[],"meta":{},"tags":[]},{"ancestorTitles":["PortAllocationAuthority","getRunPorts"],"fullName":"PortAllocationAuthority getRunPorts returns empty array for unknown runId","status":"passed","title":"returns empty array for unknown runId","duration":0.4693990000000099,"failureMessages":[],"meta":{},"tags":[]}],"startTime":1779630713624,"endTime":1779630713667.4695,"status":"passed","message":"","name":"/home/runner/workspace/test/unit/port-allocation-authority.test.ts"},{"assertionResults":[{"ancestorTitles":["withRetry"],"fullName":"withRetry returns ok=true on first success","status":"passed","title":"returns ok=true on first success","duration":2.5097540000000436,"failureMessages":[],"meta":{},"tags":[]},{"ancestorTitles":["withRetry"],"fullName":"withRetry retries on failure and succeeds on second attempt","status":"passed","title":"retries on failure and succeeds on second attempt","duration":2.785611000000017,"failureMessages":[],"meta":{},"tags":[]},{"ancestorTitles":["withRetry"],"fullName":"withRetry returns ok=false after exhausting retries","status":"passed","title":"returns ok=false after exhausting retries","duration":2.8567470000000412,"failureMessages":[],"meta":{},"tags":[]},{"ancestorTitles":["withRetry"],"fullName":"withRetry never throws — returns RetryResult even on exhaustion","status":"passed","title":"never throws — returns RetryResult even on exhaustion","duration":1.9366370000000188,"failureMessages":[],"meta":{},"tags":[]}],"startTime":1779630718847,"endTime":1779630718856.9365,"status":"passed","message":"","name":"/home/runner/workspace/test/unit/retry-policy.test.ts"},{"assertionResults":[{"ancestorTitles":["RunIsolationFabric","createEnvelope"],"fullName":"RunIsolationFabric createEnvelope creates envelope with all isolation fields populated","status":"passed","title":"creates envelope with all isolation fields populated","duration":4.618523999999979,"failureMessages":[],"meta":{},"tags":[]},{"ancestorTitles":["RunIsolationFabric","createEnvelope"],"fullName":"RunIsolationFabric createEnvelope is idempotent — returns same envelope on double-create","status":"passed","title":"is idempotent — returns same envelope on double-create","duration":0.7033599999999751,"failureMessages":[],"meta":{},"tags":[]},{"ancestorTitles":["RunIsolationFabric","createEnvelope"],"fullName":"RunIsolationFabric createEnvelope emits run.isolated telemetry on creation","status":"passed","title":"emits run.isolated telemetry on creation","duration":2.7869920000000548,"failureMessages":[],"meta":{},"tags":[]},{"ancestorTitles":["RunIsolationFabric","port tracking"],"fullName":"RunIsolationFabric port tracking registerPort adds port to envelope's port set","status":"passed","title":"registerPort adds port to envelope's port set","duration":0.967021999999929,"failureMessages":[],"meta":{},"tags":[]},{"ancestorTitles":["RunIsolationFabric","port tracking"],"fullName":"RunIsolationFabric port tracking releasePort removes port and emits lock.released","status":"passed","title":"releasePort removes port and emits lock.released","duration":1.0007759999999735,"failureMessages":[],"meta":{},"tags":[]},{"ancestorTitles":["RunIsolationFabric","terminateEnvelope"],"fullName":"RunIsolationFabric terminateEnvelope sets status to terminated and clears ports","status":"passed","title":"sets status to terminated and clears ports","duration":0.6400730000000294,"failureMessages":[],"meta":{},"tags":[]},{"ancestorTitles":["RunIsolationFabric","terminateEnvelope"],"fullName":"RunIsolationFabric terminateEnvelope is idempotent — double-terminate does not throw","status":"passed","title":"is idempotent — double-terminate does not throw","duration":1.5888269999999238,"failureMessages":[],"meta":{},"tags":[]},{"ancestorTitles":["RunIsolationFabric","terminateEnvelope"],"fullName":"RunIsolationFabric terminateEnvelope emits run.completed with lifetimeMs","status":"passed","title":"emits run.completed with lifetimeMs","duration":0.853431999999998,"failureMessages":[],"meta":{},"tags":[]},{"ancestorTitles":["RunIsolationFabric","listActiveEnvelopes / isEnvelopeActive"],"fullName":"RunIsolationFabric listActiveEnvelopes / isEnvelopeActive only lists non-terminated envelopes","status":"passed","title":"only lists non-terminated envelopes","duration":1.6540760000000319,"failureMessages":[],"meta":{},"tags":[]},{"ancestorTitles":["RunIsolationFabric","listActiveEnvelopes / isEnvelopeActive"],"fullName":"RunIsolationFabric listActiveEnvelopes / isEnvelopeActive isEnvelopeActive returns false after termination","status":"passed","title":"isEnvelopeActive returns false after termination","duration":0.7634520000000293,"failureMessages":[],"meta":{},"tags":[]},{"ancestorTitles":["RunIsolationFabric","detectLeakedEnvelopes"],"fullName":"RunIsolationFabric detectLeakedEnvelopes detects envelopes older than maxAgeMs","status":"passed","title":"detects envelopes older than maxAgeMs","duration":0.6787399999999479,"failureMessages":[],"meta":{},"tags":[]},{"ancestorTitles":["RunIsolationFabric","fabricStats"],"fullName":"RunIsolationFabric fabricStats returns non-negative counts","status":"passed","title":"returns non-negative counts","duration":0.6053670000000011,"failureMessages":[],"meta":{},"tags":[]}],"startTime":1779630714554,"endTime":1779630714571.6055,"status":"passed","message":"","name":"/home/runner/workspace/test/unit/run-isolation-fabric.test.ts"},{"assertionResults":[{"ancestorTitles":["RunIsolation"],"fullName":"RunIsolation creates a context with correct runId and projectId","status":"passed","title":"creates a context with correct runId and projectId","duration":2.9850730000000567,"failureMessages":[],"meta":{},"tags":[]},{"ancestorTitles":["RunIsolation"],"fullName":"RunIsolation trackFile registers file paths","status":"passed","title":"trackFile registers file paths","duration":0.4122509999999693,"failureMessages":[],"meta":{},"tags":[]},{"ancestorTitles":["RunIsolation"],"fullName":"RunIsolation scoped meta is isolated per context","status":"passed","title":"scoped meta is isolated per context","duration":0.7255870000000186,"failureMessages":[],"meta":{},"tags":[]},{"ancestorTitles":["RunIsolation"],"fullName":"RunIsolation destroyRunContext clears all resources","status":"passed","title":"destroyRunContext clears all resources","duration":0.541802999999959,"failureMessages":[],"meta":{},"tags":[]},{"ancestorTitles":["RunIsolation"],"fullName":"RunIsolation withRunContext guarantees destruction even on error","status":"passed","title":"withRunContext guarantees destruction even on error","duration":2.387534999999957,"failureMessages":[],"meta":{},"tags":[]},{"ancestorTitles":["RunIsolation"],"fullName":"RunIsolation detectLeaks returns contexts older than maxAgeMs","status":"passed","title":"detectLeaks returns contexts older than maxAgeMs","duration":0.6399709999999459,"failureMessages":[],"meta":{},"tags":[]}],"startTime":1779630718848,"endTime":1779630718855.64,"status":"passed","message":"","name":"/home/runner/workspace/test/unit/run-isolation.test.ts"},{"assertionResults":[{"ancestorTitles":["RunProcessRegistry","registerProcess"],"fullName":"RunProcessRegistry registerProcess registers a process under the correct run","status":"passed","title":"registers a process under the correct run","duration":3.154368999999974,"failureMessages":[],"meta":{},"tags":[]},{"ancestorTitles":["RunProcessRegistry","registerProcess"],"fullName":"RunProcessRegistry registerProcess detects PID ownership conflict across runs","status":"passed","title":"detects PID ownership conflict across runs","duration":1.505769999999984,"failureMessages":[],"meta":{},"tags":[]},{"ancestorTitles":["RunProcessRegistry","registerProcess"],"fullName":"RunProcessRegistry registerProcess allows re-registration for same runId (idempotent)","status":"passed","title":"allows re-registration for same runId (idempotent)","duration":0.6171669999999949,"failureMessages":[],"meta":{},"tags":[]},{"ancestorTitles":["RunProcessRegistry","updateStatus"],"fullName":"RunProcessRegistry updateStatus changes status to stopped","status":"passed","title":"changes status to stopped","duration":0.5839010000000826,"failureMessages":[],"meta":{},"tags":[]},{"ancestorTitles":["RunProcessRegistry","updateStatus"],"fullName":"RunProcessRegistry updateStatus no-ops for unknown PID","status":"passed","title":"no-ops for unknown PID","duration":0.9174040000000332,"failureMessages":[],"meta":{},"tags":[]},{"ancestorTitles":["RunProcessRegistry","deregisterProcess"],"fullName":"RunProcessRegistry deregisterProcess removes process from registry","status":"passed","title":"removes process from registry","duration":0.7321429999999509,"failureMessages":[],"meta":{},"tags":[]},{"ancestorTitles":["RunProcessRegistry","deregisterProcess"],"fullName":"RunProcessRegistry deregisterProcess is idempotent — double deregister does not throw","status":"passed","title":"is idempotent — double deregister does not throw","duration":0.39000099999998383,"failureMessages":[],"meta":{},"tags":[]},{"ancestorTitles":["RunProcessRegistry","getOwner"],"fullName":"RunProcessRegistry getOwner returns the runId that owns the PID","status":"passed","title":"returns the runId that owns the PID","duration":0.6064239999999472,"failureMessages":[],"meta":{},"tags":[]},{"ancestorTitles":["RunProcessRegistry","getOwner"],"fullName":"RunProcessRegistry getOwner returns undefined for unregistered PID","status":"passed","title":"returns undefined for unregistered PID","duration":0.2655859999999848,"failureMessages":[],"meta":{},"tags":[]},{"ancestorTitles":["RunProcessRegistry","getActiveProcess"],"fullName":"RunProcessRegistry getActiveProcess returns the running process for a run","status":"passed","title":"returns the running process for a run","duration":1.0229020000000446,"failureMessages":[],"meta":{},"tags":[]},{"ancestorTitles":["RunProcessRegistry","stats"],"fullName":"RunProcessRegistry stats returns non-negative counts","status":"passed","title":"returns non-negative counts","duration":0.4137670000000071,"failureMessages":[],"meta":{},"tags":[]}],"startTime":1779630718148,"endTime":1779630718160.4138,"status":"passed","message":"","name":"/home/runner/workspace/test/unit/run-process-registry.test.ts"},{"assertionResults":[{"ancestorTitles":["RunScopedMemoryLane (functional API)","write"],"fullName":"RunScopedMemoryLane (functional API) write write returns ok=true and a positive seq","status":"passed","title":"write returns ok=true and a positive seq","duration":3.334438000000091,"failureMessages":[],"meta":{},"tags":[]},{"ancestorTitles":["RunScopedMemoryLane (functional API)","write"],"fullName":"RunScopedMemoryLane (functional API) write seq is monotonically increasing across writes","status":"passed","title":"seq is monotonically increasing across writes","duration":1.758438999999953,"failureMessages":[],"meta":{},"tags":[]},{"ancestorTitles":["RunScopedMemoryLane (functional API)","write"],"fullName":"RunScopedMemoryLane (functional API) write overwrites existing key on second write","status":"passed","title":"overwrites existing key on second write","duration":1.2491069999999809,"failureMessages":[],"meta":{},"tags":[]},{"ancestorTitles":["RunScopedMemoryLane (functional API)","read"],"fullName":"RunScopedMemoryLane (functional API) read read returns the stored entry","status":"passed","title":"read returns the stored entry","duration":0.6078599999999597,"failureMessages":[],"meta":{},"tags":[]},{"ancestorTitles":["RunScopedMemoryLane (functional API)","read"],"fullName":"RunScopedMemoryLane (functional API) read read returns undefined for unknown key","status":"passed","title":"read returns undefined for unknown key","duration":2.5058440000000246,"failureMessages":[],"meta":{},"tags":[]},{"ancestorTitles":["RunScopedMemoryLane (functional API)","isolation"],"fullName":"RunScopedMemoryLane (functional API) isolation writes to runA do not appear in runB","status":"passed","title":"writes to runA do not appear in runB","duration":0.9341180000000122,"failureMessages":[],"meta":{},"tags":[]},{"ancestorTitles":["RunScopedMemoryLane (functional API)","isolation"],"fullName":"RunScopedMemoryLane (functional API) isolation runId is stored on each MemoryEntry","status":"passed","title":"runId is stored on each MemoryEntry","duration":0.6014010000000098,"failureMessages":[],"meta":{},"tags":[]},{"ancestorTitles":["RunScopedMemoryLane (functional API)","replay"],"fullName":"RunScopedMemoryLane (functional API) replay replay returns all entries sorted by seq","status":"passed","title":"replay returns all entries sorted by seq","duration":1.8205389999999397,"failureMessages":[],"meta":{},"tags":[]},{"ancestorTitles":["RunScopedMemoryLane (functional API)","replay"],"fullName":"RunScopedMemoryLane (functional API) replay replayLane(sinceSeq) returns only entries after that seq","status":"passed","title":"replayLane(sinceSeq) returns only entries after that seq","duration":2.178769000000102,"failureMessages":[],"meta":{},"tags":[]},{"ancestorTitles":["RunScopedMemoryLane (functional API)","replay"],"fullName":"RunScopedMemoryLane (functional API) replay replay is deterministic — identical results on repeated calls","status":"passed","title":"replay is deterministic — identical results on repeated calls","duration":4.183546999999976,"failureMessages":[],"meta":{},"tags":[]},{"ancestorTitles":["RunScopedMemoryLane (functional API)","concurrent write safety"],"fullName":"RunScopedMemoryLane (functional API) concurrent write safety 50 concurrent writes all persist (no data loss)","status":"passed","title":"50 concurrent writes all persist (no data loss)","duration":1.275297999999907,"failureMessages":[],"meta":{},"tags":[]},{"ancestorTitles":["RunScopedMemoryLane (functional API)","destroyLane"],"fullName":"RunScopedMemoryLane (functional API) destroyLane lane is removed from registry after destroy","status":"passed","title":"lane is removed from registry after destroy","duration":0.5777940000000399,"failureMessages":[],"meta":{},"tags":[]},{"ancestorTitles":["RunScopedMemoryLane (functional API)","destroyLane"],"fullName":"RunScopedMemoryLane (functional API) destroyLane read returns undefined after destroy","status":"passed","title":"read returns undefined after destroy","duration":0.8231400000000804,"failureMessages":[],"meta":{},"tags":[]},{"ancestorTitles":["RunScopedMemoryLane (functional API)","allLaneStats"],"fullName":"RunScopedMemoryLane (functional API) allLaneStats returns stats for all active lanes","status":"passed","title":"returns stats for all active lanes","duration":0.769143999999983,"failureMessages":[],"meta":{},"tags":[]}],"startTime":1779630715946,"endTime":1779630715968.8232,"status":"passed","message":"","name":"/home/runner/workspace/test/unit/run-scoped-memory-lane.test.ts"},{"assertionResults":[{"ancestorTitles":["RunScopedOrchestrator","construction"],"fullName":"RunScopedOrchestrator construction starts in pending phase","status":"passed","title":"starts in pending phase","duration":3.0973060000000032,"failureMessages":[],"meta":{},"tags":[]},{"ancestorTitles":["RunScopedOrchestrator","construction"],"fullName":"RunScopedOrchestrator construction emits run.started telemetry","status":"passed","title":"emits run.started telemetry","duration":0.9744369999999662,"failureMessages":[],"meta":{},"tags":[]},{"ancestorTitles":["RunScopedOrchestrator","transition"],"fullName":"RunScopedOrchestrator transition advances phase and records checkpoint","status":"passed","title":"advances phase and records checkpoint","duration":0.7393260000000055,"failureMessages":[],"meta":{},"tags":[]},{"ancestorTitles":["RunScopedOrchestrator","transition"],"fullName":"RunScopedOrchestrator transition emits run.phase telemetry on each transition","status":"passed","title":"emits run.phase telemetry on each transition","duration":0.5801030000000083,"failureMessages":[],"meta":{},"tags":[]},{"ancestorTitles":["RunScopedOrchestrator","transition"],"fullName":"RunScopedOrchestrator transition rejects transition from terminal phase","status":"passed","title":"rejects transition from terminal phase","duration":0.584634000000051,"failureMessages":[],"meta":{},"tags":[]},{"ancestorTitles":["RunScopedOrchestrator","transition"],"fullName":"RunScopedOrchestrator transition complete phase marks isTerminal=true","status":"passed","title":"complete phase marks isTerminal=true","duration":0.5025849999999537,"failureMessages":[],"meta":{},"tags":[]},{"ancestorTitles":["RunScopedOrchestrator","transition"],"fullName":"RunScopedOrchestrator transition failed phase marks isTerminal=true","status":"passed","title":"failed phase marks isTerminal=true","duration":0.5321670000000722,"failureMessages":[],"meta":{},"tags":[]},{"ancestorTitles":["RunScopedOrchestrator","transition"],"fullName":"RunScopedOrchestrator transition multi-phase progression works end-to-end","status":"passed","title":"multi-phase progression works end-to-end","duration":0.7173030000000153,"failureMessages":[],"meta":{},"tags":[]},{"ancestorTitles":["RunScopedOrchestrator","checkpoints"],"fullName":"RunScopedOrchestrator checkpoints latestCheckpoint returns most recent phase","status":"passed","title":"latestCheckpoint returns most recent phase","duration":0.5983200000000579,"failureMessages":[],"meta":{},"tags":[]},{"ancestorTitles":["RunScopedOrchestrator","checkpoints"],"fullName":"RunScopedOrchestrator checkpoints lastCheckpointBefore returns checkpoint before the given phase","status":"passed","title":"lastCheckpointBefore returns checkpoint before the given phase","duration":0.5639029999999821,"failureMessages":[],"meta":{},"tags":[]},{"ancestorTitles":["RunScopedOrchestrator","checkpoints"],"fullName":"RunScopedOrchestrator checkpoints snapshot preserves checkpoint history","status":"passed","title":"snapshot preserves checkpoint history","duration":1.1765520000000151,"failureMessages":[],"meta":{},"tags":[]},{"ancestorTitles":["RunScopedOrchestrator","metadata"],"fullName":"RunScopedOrchestrator metadata setMeta / getMeta store and retrieve values","status":"passed","title":"setMeta / getMeta store and retrieve values","duration":0.5899860000000672,"failureMessages":[],"meta":{},"tags":[]},{"ancestorTitles":["RunScopedOrchestrator","metadata"],"fullName":"RunScopedOrchestrator metadata meta is isolated between orchestrator instances","status":"passed","title":"meta is isolated between orchestrator instances","duration":0.7882940000000644,"failureMessages":[],"meta":{},"tags":[]},{"ancestorTitles":["RunScopedOrchestrator","fail / recover"],"fullName":"RunScopedOrchestrator fail / recover fail increments failCount and transitions to failed","status":"passed","title":"fail increments failCount and transitions to failed","duration":0.42479000000003,"failureMessages":[],"meta":{},"tags":[]},{"ancestorTitles":["RunScopedOrchestrator","fail / recover"],"fullName":"RunScopedOrchestrator fail / recover recover transitions to recovering phase","status":"passed","title":"recover transitions to recovering phase","duration":0.6236949999999979,"failureMessages":[],"meta":{},"tags":[]}],"startTime":1779630716624,"endTime":1779630716638.6238,"status":"passed","message":"","name":"/home/runner/workspace/test/unit/run-scoped-orchestrator.test.ts"},{"assertionResults":[{"ancestorTitles":["StreamingAggregator"],"fullName":"StreamingAggregator creates a session with correct totalPaths","status":"passed","title":"creates a session with correct totalPaths","duration":2.9786129999999957,"failureMessages":[],"meta":{},"tags":[]},{"ancestorTitles":["StreamingAggregator"],"fullName":"StreamingAggregator increments arrivedPaths on each reportPathResult","status":"passed","title":"increments arrivedPaths on each reportPathResult","duration":0.9302560000000994,"failureMessages":[],"meta":{},"tags":[]},{"ancestorTitles":["StreamingAggregator"],"fullName":"StreamingAggregator collapses when all paths arrive (complete collapse)","status":"failed","title":"collapses when all paths arrive (complete collapse)","duration":7.104578999999831,"failureMessages":["AssertionError: expected true to be false // Object.is equality\n    at /home/runner/workspace/test/unit/streaming-aggregator.test.ts:80:29\n    at file:///home/runner/workspace/node_modules/@vitest/runner/dist/chunk-artifact.js:302:11\n    at file:///home/runner/workspace/node_modules/@vitest/runner/dist/chunk-artifact.js:1903:26\n    at file:///home/runner/workspace/node_modules/@vitest/runner/dist/chunk-artifact.js:2326:20\n    at new Promise (<anonymous>)\n    at runWithCancel (file:///home/runner/workspace/node_modules/@vitest/runner/dist/chunk-artifact.js:2323:10)\n    at file:///home/runner/workspace/node_modules/@vitest/runner/dist/chunk-artifact.js:2305:20\n    at new Promise (<anonymous>)\n    at runWithTimeout (file:///home/runner/workspace/node_modules/@vitest/runner/dist/chunk-artifact.js:2272:10)\n    at file:///home/runner/workspace/node_modules/@vitest/runner/dist/chunk-artifact.js:2955:64"],"meta":{},"tags":[]},{"ancestorTitles":["StreamingAggregator"],"fullName":"StreamingAggregator early-collapses when a path score ≥ 0.92","status":"passed","title":"early-collapses when a path score ≥ 0.92","duration":0.7499430000000302,"failureMessages":[],"meta":{},"tags":[]},{"ancestorTitles":["StreamingAggregator"],"fullName":"StreamingAggregator getFinalResult returns partialResult after collapse","status":"passed","title":"getFinalResult returns partialResult after collapse","duration":0.5480619999998453,"failureMessages":[],"meta":{},"tags":[]},{"ancestorTitles":["StreamingAggregator"],"fullName":"StreamingAggregator clearStreamingSession removes the session","status":"passed","title":"clearStreamingSession removes the session","duration":0.32614399999988564,"failureMessages":[],"meta":{},"tags":[]}],"startTime":1779630711058,"endTime":1779630711071.3262,"status":"failed","message":"","name":"/home/runner/workspace/test/unit/streaming-aggregator.test.ts"}]}